<?xml version="1.0" encoding="UTF-8"?>
<testsuite xmlns:xsi="http://www.w3.org/2001/XMLSchema-instance" xsi:noNamespaceSchemaLocation="https://maven.apache.org/surefire/maven-surefire-plugin/xsd/surefire-test-report.xsd" name="project_B.RunCucumberTest" time="38.17" tests="63" errors="0" skipped="0" failures="0">
  <properties>
    <property name="java.specification.version" value="20"/>
    <property name="sun.cpu.isalist" value="amd64"/>
    <property name="sun.jnu.encoding" value="Cp1252"/>
    <property name="java.class.path" value="C:\Users\vanes\Uni\ECSE 429\ECSE429\project-B\target\test-classes;C:\Users\vanes\Uni\ECSE 429\ECSE429\project-B\target\classes;C:\Users\vanes\.m2\repository\io\cucumber\cucumber-java\6.8.1\cucumber-java-6.8.1.jar;C:\Users\vanes\.m2\repository\io\cucumber\cucumber-core\6.8.1\cucumber-core-6.8.1.jar;C:\Users\vanes\.m2\repository\io\cucumber\cucumber-gherkin\6.8.1\cucumber-gherkin-6.8.1.jar;C:\Users\vanes\.m2\repository\io\cucumber\cucumber-gherkin-messages\6.8.1\cucumber-gherkin-messages-6.8.1.jar;C:\Users\vanes\.m2\repository\io\cucumber\messages\13.1.0\messages-13.1.0.jar;C:\Users\vanes\.m2\repository\io\cucumber\tag-expressions\3.0.0\tag-expressions-3.0.0.jar;C:\Users\vanes\.m2\repository\io\cucumber\cucumber-expressions\10.3.0\cucumber-expressions-10.3.0.jar;C:\Users\vanes\.m2\repository\io\cucumber\datatable\3.5.0\datatable-3.5.0.jar;C:\Users\vanes\.m2\repository\io\cucumber\cucumber-plugin\6.8.1\cucumber-plugin-6.8.1.jar;C:\Users\vanes\.m2\repository\io\cucumber\docstring\6.8.1\docstring-6.8.1.jar;C:\Users\vanes\.m2\repository\io\cucumber\html-formatter\9.0.0\html-formatter-9.0.0.jar;C:\Users\vanes\.m2\repository\io\cucumber\create-meta\2.0.2\create-meta-2.0.2.jar;C:\Users\vanes\.m2\repository\org\apiguardian\apiguardian-api\1.1.0\apiguardian-api-1.1.0.jar;C:\Users\vanes\.m2\repository\io\cucumber\cucumber-junit\6.8.1\cucumber-junit-6.8.1.jar;C:\Users\vanes\.m2\repository\org\apache\commons\commons-text\1.9\commons-text-1.9.jar;C:\Users\vanes\.m2\repository\org\apache\commons\commons-lang3\3.11\commons-lang3-3.11.jar;C:\Users\vanes\.m2\repository\junit\junit\4.13\junit-4.13.jar;C:\Users\vanes\.m2\repository\org\hamcrest\hamcrest-core\1.3\hamcrest-core-1.3.jar;C:\Users\vanes\.m2\repository\com\konghq\unirest-java\3.11.01\unirest-java-3.11.01.jar;C:\Users\vanes\.m2\repository\org\apache\httpcomponents\httpclient\4.5.13\httpclient-4.5.13.jar;C:\Users\vanes\.m2\repository\org\apache\httpcomponents\httpcore\4.4.13\httpcore-4.4.13.jar;C:\Users\vanes\.m2\repository\commons-logging\commons-logging\1.2\commons-logging-1.2.jar;C:\Users\vanes\.m2\repository\commons-codec\commons-codec\1.11\commons-codec-1.11.jar;C:\Users\vanes\.m2\repository\org\apache\httpcomponents\httpmime\4.5.13\httpmime-4.5.13.jar;C:\Users\vanes\.m2\repository\org\apache\httpcomponents\httpcore-nio\4.4.13\httpcore-nio-4.4.13.jar;C:\Users\vanes\.m2\repository\org\apache\httpcomponents\httpasyncclient\4.1.4\httpasyncclient-4.1.4.jar;C:\Users\vanes\.m2\repository\com\google\code\gson\gson\2.8.6\gson-2.8.6.jar;"/>
    <property name="java.vm.vendor" value="Oracle Corporation"/>
    <property name="sun.arch.data.model" value="64"/>
    <property name="user.variant" value=""/>
    <property name="java.vendor.url" value="https://java.oracle.com/"/>
    <property name="user.timezone" value="America/Toronto"/>
    <property name="os.name" value="Windows 11"/>
    <property name="java.vm.specification.version" value="20"/>
    <property name="sun.java.launcher" value="SUN_STANDARD"/>
    <property name="user.country" value="US"/>
    <property name="sun.boot.library.path" value="C:\Program Files\Java\jdk-20\bin"/>
    <property name="sun.java.command" value="C:\Users\vanes\AppData\Local\Temp\surefire3882839526273898394\surefirebooter12630138154696387254.jar C:\Users\vanes\AppData\Local\Temp\surefire3882839526273898394 2023-11-12T14-37-24_549-jvmRun1 surefire6107521494993978257tmp surefire_016419279998815870013tmp"/>
    <property name="jdk.debug" value="release"/>
    <property name="surefire.test.class.path" value="C:\Users\vanes\Uni\ECSE 429\ECSE429\project-B\target\test-classes;C:\Users\vanes\Uni\ECSE 429\ECSE429\project-B\target\classes;C:\Users\vanes\.m2\repository\io\cucumber\cucumber-java\6.8.1\cucumber-java-6.8.1.jar;C:\Users\vanes\.m2\repository\io\cucumber\cucumber-core\6.8.1\cucumber-core-6.8.1.jar;C:\Users\vanes\.m2\repository\io\cucumber\cucumber-gherkin\6.8.1\cucumber-gherkin-6.8.1.jar;C:\Users\vanes\.m2\repository\io\cucumber\cucumber-gherkin-messages\6.8.1\cucumber-gherkin-messages-6.8.1.jar;C:\Users\vanes\.m2\repository\io\cucumber\messages\13.1.0\messages-13.1.0.jar;C:\Users\vanes\.m2\repository\io\cucumber\tag-expressions\3.0.0\tag-expressions-3.0.0.jar;C:\Users\vanes\.m2\repository\io\cucumber\cucumber-expressions\10.3.0\cucumber-expressions-10.3.0.jar;C:\Users\vanes\.m2\repository\io\cucumber\datatable\3.5.0\datatable-3.5.0.jar;C:\Users\vanes\.m2\repository\io\cucumber\cucumber-plugin\6.8.1\cucumber-plugin-6.8.1.jar;C:\Users\vanes\.m2\repository\io\cucumber\docstring\6.8.1\docstring-6.8.1.jar;C:\Users\vanes\.m2\repository\io\cucumber\html-formatter\9.0.0\html-formatter-9.0.0.jar;C:\Users\vanes\.m2\repository\io\cucumber\create-meta\2.0.2\create-meta-2.0.2.jar;C:\Users\vanes\.m2\repository\org\apiguardian\apiguardian-api\1.1.0\apiguardian-api-1.1.0.jar;C:\Users\vanes\.m2\repository\io\cucumber\cucumber-junit\6.8.1\cucumber-junit-6.8.1.jar;C:\Users\vanes\.m2\repository\org\apache\commons\commons-text\1.9\commons-text-1.9.jar;C:\Users\vanes\.m2\repository\org\apache\commons\commons-lang3\3.11\commons-lang3-3.11.jar;C:\Users\vanes\.m2\repository\junit\junit\4.13\junit-4.13.jar;C:\Users\vanes\.m2\repository\org\hamcrest\hamcrest-core\1.3\hamcrest-core-1.3.jar;C:\Users\vanes\.m2\repository\com\konghq\unirest-java\3.11.01\unirest-java-3.11.01.jar;C:\Users\vanes\.m2\repository\org\apache\httpcomponents\httpclient\4.5.13\httpclient-4.5.13.jar;C:\Users\vanes\.m2\repository\org\apache\httpcomponents\httpcore\4.4.13\httpcore-4.4.13.jar;C:\Users\vanes\.m2\repository\commons-logging\commons-logging\1.2\commons-logging-1.2.jar;C:\Users\vanes\.m2\repository\commons-codec\commons-codec\1.11\commons-codec-1.11.jar;C:\Users\vanes\.m2\repository\org\apache\httpcomponents\httpmime\4.5.13\httpmime-4.5.13.jar;C:\Users\vanes\.m2\repository\org\apache\httpcomponents\httpcore-nio\4.4.13\httpcore-nio-4.4.13.jar;C:\Users\vanes\.m2\repository\org\apache\httpcomponents\httpasyncclient\4.1.4\httpasyncclient-4.1.4.jar;C:\Users\vanes\.m2\repository\com\google\code\gson\gson\2.8.6\gson-2.8.6.jar;"/>
    <property name="sun.cpu.endian" value="little"/>
    <property name="user.home" value="C:\Users\vanes"/>
    <property name="user.language" value="en"/>
    <property name="java.specification.vendor" value="Oracle Corporation"/>
    <property name="java.version.date" value="2023-04-18"/>
    <property name="java.home" value="C:\Program Files\Java\jdk-20"/>
    <property name="file.separator" value="\"/>
    <property name="basedir" value="C:\Users\vanes\Uni\ECSE 429\ECSE429\project-B"/>
    <property name="java.vm.compressedOopsMode" value="Zero based"/>
    <property name="line.separator" value="&#10;"/>
    <property name="java.vm.specification.vendor" value="Oracle Corporation"/>
    <property name="java.specification.name" value="Java Platform API Specification"/>
    <property name="surefire.real.class.path" value="C:\Users\vanes\AppData\Local\Temp\surefire3882839526273898394\surefirebooter12630138154696387254.jar"/>
    <property name="user.script" value=""/>
    <property name="sun.management.compiler" value="HotSpot 64-Bit Tiered Compilers"/>
    <property name="java.runtime.version" value="20.0.1+9-29"/>
    <property name="user.name" value="vanes"/>
    <property name="stdout.encoding" value="Cp1252"/>
    <property name="path.separator" value=";"/>
    <property name="os.version" value="10.0"/>
    <property name="java.runtime.name" value="Java(TM) SE Runtime Environment"/>
    <property name="file.encoding" value="UTF-8"/>
    <property name="java.vm.name" value="Java HotSpot(TM) 64-Bit Server VM"/>
    <property name="localRepository" value="C:\Users\vanes\.m2\repository"/>
    <property name="java.vendor.url.bug" value="https://bugreport.java.com/bugreport/"/>
    <property name="java.io.tmpdir" value="C:\Users\vanes\AppData\Local\Temp\"/>
    <property name="java.version" value="20.0.1"/>
    <property name="user.dir" value="C:\Users\vanes\Uni\ECSE 429\ECSE429\project-B"/>
    <property name="os.arch" value="amd64"/>
    <property name="java.vm.specification.name" value="Java Virtual Machine Specification"/>
    <property name="sun.os.patch.level" value=""/>
    <property name="native.encoding" value="Cp1252"/>
    <property name="java.library.path" value="C:\Program Files\Java\jdk-20\bin;C:\Windows\Sun\Java\bin;C:\Windows\system32;C:\Windows;C:\Program Files\Common Files\Oracle\Java\javapath;C:\Program Files (x86)\Common Files\Oracle\Java\javapath;C:\Program Files\Microsoft\jdk-11.0.16.101-hotspot\bin;C:\Windows\system32;C:\Windows;C:\Windows\System32\Wbem;C:\Windows\System32\WindowsPowerShell\v1.0\;C:\Windows\System32\OpenSSH\;C:\Program Files\Microsoft SQL Server\150\Tools\Binn\;C:\Program Files\Microsoft SQL Server\Client SDK\ODBC\170\Tools\Binn\;C:\Program Files\dotnet\;C:\Program Files\Maven\apache-maven-3.9.5;C:\Program Files\Maven\apache-maven-3.9.5\bin;C:\Program Files\Git\cmd;C:\Users\vanes\AppData\Local\Programs\Python\Python311\Scripts\;C:\Users\vanes\AppData\Local\Programs\Python\Python311\;C:\Users\vanes\AppData\Local\Microsoft\WindowsApps;C:\Users\vanes\.dotnet\tools;C:\Users\vanes\AppData\Local\Programs\Microsoft VS Code\bin;."/>
    <property name="java.vm.info" value="mixed mode, sharing"/>
    <property name="stderr.encoding" value="Cp1252"/>
    <property name="java.vendor" value="Oracle Corporation"/>
    <property name="java.vm.version" value="20.0.1+9-29"/>
    <property name="sun.io.unicode.encoding" value="UnicodeLittle"/>
    <property name="java.class.version" value="64.0"/>
  </properties>
  <testcase name="Creating a todo successfully" classname="Create a new instance of todo" time="1.089"/>
  <testcase name="Creating a todo successfully with no description" classname="Create a new instance of todo" time="0.687"/>
  <testcase name="Creating todo with an empty title unsuccessfully" classname="Create a new instance of todo" time="0.691"/>
  <testcase name="Create a category" classname="EMPTY_NAME #1" time="0.617"/>
  <testcase name="Create a category with only mandatory fields filled" classname="EMPTY_NAME #1" time="0.613"/>
  <testcase name="Create a category with the mandatory fields not filled" classname="EMPTY_NAME #1" time="0.576"/>
  <testcase name="Adding a specific task to a specific project which is unrelated to the task" classname="Adding a specific task to a specific project" time="0.587"/>
  <testcase name="Adding a specific task to a specific project which is already related to the task" classname="Adding a specific task to a specific project" time="0.739"/>
  <testcase name="Creating Project with specific fields and with relationship to a non-existing task" classname="Adding a specific task to a specific project" time="0.63"/>
  <testcase name="Setting the non-tasks fields of the project to different values" classname="Changing the non-tasks fields of a specific project" time="0.566"/>
  <testcase name="Setting the non-tasks fields of the project to the original values" classname="Changing the non-tasks fields of a specific project" time="0.583"/>
  <testcase name="Setting the non-tasks fields of a non-existing project" classname="Changing the non-tasks fields of a specific project" time="0.567"/>
  <testcase name="Creating project with specific fields and no relationship to task" classname="Creating Project with specific fields" time="0.561"/>
  <testcase name="Creating project with specific fields and with relationship to task" classname="Creating Project with specific fields" time="0.578"/>
  <testcase name="Creating project with specific fields and with relationship to a non-existing task" classname="Creating Project with specific fields" time="0.551"/>
  <testcase name="Deleting a todo successfully" classname="Delete a todo" time="0.625"/>
  <testcase name="Delete a todo that does not exist unsuccessfully" classname="Delete a todo" time="0.652"/>
  <testcase name="Delete a category with all fields filled #1" classname="EMPTY_NAME #2" time="0.593"/>
  <testcase name="Delete a category with all fields filled #2" classname="EMPTY_NAME #2" time="0.587"/>
  <testcase name="Delete a category with all fields filled #3" classname="EMPTY_NAME #2" time="0.543"/>
  <testcase name="Delete a category with only mandatory fields filled" classname="EMPTY_NAME #2" time="0.566"/>
  <testcase name="Delete a category with an id that doesn&apos;t exist" classname="EMPTY_NAME #2" time="0.579"/>
  <testcase name="Delete a project that exists under a category that exists #1" classname="EMPTY_NAME #3" time="0.61"/>
  <testcase name="Delete a project that exists under a category that exists #2" classname="EMPTY_NAME #3" time="0.536"/>
  <testcase name="Delete a project with an invalid id under a category that exists" classname="EMPTY_NAME #3" time="0.625"/>
  <testcase name="Delete a project that exists under a category id that&apos;s invalid" classname="EMPTY_NAME #3" time="0.556"/>
  <testcase name="Delete a relationship between a todo and a category sucessfully" classname="Delete a relationship between a todo and a category" time="0.635"/>
  <testcase name="Delete a relationship between a todo and a category that does not exist" classname="Delete a relationship between a todo and a category" time="0.639"/>
  <testcase name="Mark non completed todo as completed" classname="EMPTY_NAME #4" time="0.686"/>
  <testcase name="Mark already completed todo as completed #1" classname="EMPTY_NAME #4" time="0.65"/>
  <testcase name="Mark already completed todo as completed #2" classname="EMPTY_NAME #4" time="0.573"/>
  <testcase name="Mark non-existent todo as completed #1" classname="EMPTY_NAME #4" time="0.602"/>
  <testcase name="Mark non-existent todo as completed #2" classname="EMPTY_NAME #4" time="0.604"/>
  <testcase name="Modify all fields in a category" classname="EMPTY_NAME #5" time="0.579"/>
  <testcase name="Modify a category to have only required fields #1" classname="EMPTY_NAME #5" time="0.567"/>
  <testcase name="Modify a category to have only required fields #2" classname="EMPTY_NAME #5" time="0.548"/>
  <testcase name="Modify a category to have only required fields #3" classname="EMPTY_NAME #5" time="0.584"/>
  <testcase name="Modify a category that doesn&apos;t exist" classname="EMPTY_NAME #5" time="0.565"/>
  <testcase name="Modify a todo&apos;s description field successfully" classname="Modify a todo&apos;s description field" time="0.594"/>
  <testcase name="Modify a todo&apos;s description field unsuccessfully" classname="Modify a todo&apos;s description field" time="0.554"/>
  <testcase name="Add a project that exists to a category that exists" classname="EMPTY_NAME #6" time="0.631"/>
  <testcase name="Add a project with an invalid id to a category that exists" classname="EMPTY_NAME #6" time="0.586"/>
  <testcase name="Add a project that exists to a category id that&apos;s invalid" classname="EMPTY_NAME #6" time="0.558"/>
  <testcase name="Set a task under a category" classname="EMPTY_NAME #7" time="0.556"/>
  <testcase name="Set a non-existent task under category" classname="EMPTY_NAME #7" time="0.556"/>
  <testcase name="Set a task under a non-existent category" classname="EMPTY_NAME #7" time="0.607"/>
  <testcase name="Deleting a specific project without tasks" classname="Deleting a specific project" time="0.544"/>
  <testcase name="Deleting a specific project with tasks" classname="Deleting a specific project" time="0.595"/>
  <testcase name="Deleting a non-existing project" classname="Deleting a specific project" time="0.522"/>
  <testcase name="Removing a specific task from a specific project which is only related to that task" classname="Removing a specific task from a specific project" time="0.545"/>
  <testcase name="Removing a specific task from a specific project which is related to several tasks" classname="Removing a specific task from a specific project" time="0.583"/>
  <testcase name="Removing a specific task from a specific project which is not related to the task" classname="Removing a specific task from a specific project" time="0.531"/>
  <testcase name="Querying all categories" classname="View categories" time="0.581"/>
  <testcase name="Querying categories with no categories registered" classname="View categories" time="0.519"/>
  <testcase name="Querying categories with an invalid endpoint" classname="View categories" time="0.508"/>
  <testcase name="Querying all projects" classname="View projects" time="0.571"/>
  <testcase name="Querying projects with no projects registered" classname="View projects" time="0.502"/>
  <testcase name="Querying projects with an invalid endpoint" classname="View projects" time="0.54"/>
  <testcase name="Request tasks for a project" classname="EMPTY_NAME #8" time="0.624"/>
  <testcase name="Request tasks for a project with no tasks" classname="EMPTY_NAME #8" time="0.612"/>
  <testcase name="Request tasks for a project not registered on the system" classname="EMPTY_NAME #8" time="0.585"/>
  <testcase name=" #1" classname="Views all todos in a category" time="0.613"/>
  <testcase name=" #2" classname="Views all todos in a category" time="0.579"/>
</testsuite>