<?xml version="1.0" encoding="UTF-8"?>
<testsuite xmlns:xsi="http://www.w3.org/2001/XMLSchema-instance" xsi:noNamespaceSchemaLocation="https://maven.apache.org/surefire/maven-surefire-plugin/xsd/surefire-test-report.xsd" name="project_B.RunCucumberTest" time="10.616" tests="20" errors="0" skipped="0" failures="2">
  <properties>
    <property name="java.specification.version" value="17"/>
    <property name="sun.cpu.isalist" value="amd64"/>
    <property name="sun.jnu.encoding" value="Cp1252"/>
    <property name="java.class.path" value="C:\Users\mikez\Desktop\429Project\ECSE429\project-B\target\test-classes;C:\Users\mikez\Desktop\429Project\ECSE429\project-B\target\classes;C:\Users\mikez\.m2\repository\io\cucumber\cucumber-java\6.8.1\cucumber-java-6.8.1.jar;C:\Users\mikez\.m2\repository\io\cucumber\cucumber-core\6.8.1\cucumber-core-6.8.1.jar;C:\Users\mikez\.m2\repository\io\cucumber\cucumber-gherkin\6.8.1\cucumber-gherkin-6.8.1.jar;C:\Users\mikez\.m2\repository\io\cucumber\cucumber-gherkin-messages\6.8.1\cucumber-gherkin-messages-6.8.1.jar;C:\Users\mikez\.m2\repository\io\cucumber\messages\13.1.0\messages-13.1.0.jar;C:\Users\mikez\.m2\repository\io\cucumber\tag-expressions\3.0.0\tag-expressions-3.0.0.jar;C:\Users\mikez\.m2\repository\io\cucumber\cucumber-expressions\10.3.0\cucumber-expressions-10.3.0.jar;C:\Users\mikez\.m2\repository\io\cucumber\datatable\3.5.0\datatable-3.5.0.jar;C:\Users\mikez\.m2\repository\io\cucumber\cucumber-plugin\6.8.1\cucumber-plugin-6.8.1.jar;C:\Users\mikez\.m2\repository\io\cucumber\docstring\6.8.1\docstring-6.8.1.jar;C:\Users\mikez\.m2\repository\io\cucumber\html-formatter\9.0.0\html-formatter-9.0.0.jar;C:\Users\mikez\.m2\repository\io\cucumber\create-meta\2.0.2\create-meta-2.0.2.jar;C:\Users\mikez\.m2\repository\org\apiguardian\apiguardian-api\1.1.0\apiguardian-api-1.1.0.jar;C:\Users\mikez\.m2\repository\io\cucumber\cucumber-junit\6.8.1\cucumber-junit-6.8.1.jar;C:\Users\mikez\.m2\repository\org\apache\commons\commons-text\1.9\commons-text-1.9.jar;C:\Users\mikez\.m2\repository\org\apache\commons\commons-lang3\3.11\commons-lang3-3.11.jar;C:\Users\mikez\.m2\repository\junit\junit\4.13\junit-4.13.jar;C:\Users\mikez\.m2\repository\org\hamcrest\hamcrest-core\1.3\hamcrest-core-1.3.jar;C:\Users\mikez\.m2\repository\com\konghq\unirest-java\3.11.01\unirest-java-3.11.01.jar;C:\Users\mikez\.m2\repository\org\apache\httpcomponents\httpclient\4.5.13\httpclient-4.5.13.jar;C:\Users\mikez\.m2\repository\org\apache\httpcomponents\httpcore\4.4.13\httpcore-4.4.13.jar;C:\Users\mikez\.m2\repository\commons-logging\commons-logging\1.2\commons-logging-1.2.jar;C:\Users\mikez\.m2\repository\commons-codec\commons-codec\1.11\commons-codec-1.11.jar;C:\Users\mikez\.m2\repository\org\apache\httpcomponents\httpmime\4.5.13\httpmime-4.5.13.jar;C:\Users\mikez\.m2\repository\org\apache\httpcomponents\httpcore-nio\4.4.13\httpcore-nio-4.4.13.jar;C:\Users\mikez\.m2\repository\org\apache\httpcomponents\httpasyncclient\4.1.4\httpasyncclient-4.1.4.jar;C:\Users\mikez\.m2\repository\com\google\code\gson\gson\2.8.6\gson-2.8.6.jar;"/>
    <property name="java.vm.vendor" value="Oracle Corporation"/>
    <property name="sun.arch.data.model" value="64"/>
    <property name="user.variant" value=""/>
    <property name="java.vendor.url" value="https://java.oracle.com/"/>
    <property name="user.timezone" value="America/Toronto"/>
    <property name="os.name" value="Windows 11"/>
    <property name="java.vm.specification.version" value="17"/>
    <property name="sun.java.launcher" value="SUN_STANDARD"/>
    <property name="user.country" value="US"/>
    <property name="sun.boot.library.path" value="C:\Program Files (x86)\Java\jdk-17.0.6\bin"/>
    <property name="sun.java.command" value="C:\Users\mikez\AppData\Local\Temp\surefire2737888732119366639\surefirebooter479733728039424548.jar C:\Users\mikez\AppData\Local\Temp\surefire2737888732119366639 2023-11-10T15-11-45_641-jvmRun1 surefire1072891219103527341tmp surefire_012127051755524226466tmp"/>
    <property name="jdk.debug" value="release"/>
    <property name="surefire.test.class.path" value="C:\Users\mikez\Desktop\429Project\ECSE429\project-B\target\test-classes;C:\Users\mikez\Desktop\429Project\ECSE429\project-B\target\classes;C:\Users\mikez\.m2\repository\io\cucumber\cucumber-java\6.8.1\cucumber-java-6.8.1.jar;C:\Users\mikez\.m2\repository\io\cucumber\cucumber-core\6.8.1\cucumber-core-6.8.1.jar;C:\Users\mikez\.m2\repository\io\cucumber\cucumber-gherkin\6.8.1\cucumber-gherkin-6.8.1.jar;C:\Users\mikez\.m2\repository\io\cucumber\cucumber-gherkin-messages\6.8.1\cucumber-gherkin-messages-6.8.1.jar;C:\Users\mikez\.m2\repository\io\cucumber\messages\13.1.0\messages-13.1.0.jar;C:\Users\mikez\.m2\repository\io\cucumber\tag-expressions\3.0.0\tag-expressions-3.0.0.jar;C:\Users\mikez\.m2\repository\io\cucumber\cucumber-expressions\10.3.0\cucumber-expressions-10.3.0.jar;C:\Users\mikez\.m2\repository\io\cucumber\datatable\3.5.0\datatable-3.5.0.jar;C:\Users\mikez\.m2\repository\io\cucumber\cucumber-plugin\6.8.1\cucumber-plugin-6.8.1.jar;C:\Users\mikez\.m2\repository\io\cucumber\docstring\6.8.1\docstring-6.8.1.jar;C:\Users\mikez\.m2\repository\io\cucumber\html-formatter\9.0.0\html-formatter-9.0.0.jar;C:\Users\mikez\.m2\repository\io\cucumber\create-meta\2.0.2\create-meta-2.0.2.jar;C:\Users\mikez\.m2\repository\org\apiguardian\apiguardian-api\1.1.0\apiguardian-api-1.1.0.jar;C:\Users\mikez\.m2\repository\io\cucumber\cucumber-junit\6.8.1\cucumber-junit-6.8.1.jar;C:\Users\mikez\.m2\repository\org\apache\commons\commons-text\1.9\commons-text-1.9.jar;C:\Users\mikez\.m2\repository\org\apache\commons\commons-lang3\3.11\commons-lang3-3.11.jar;C:\Users\mikez\.m2\repository\junit\junit\4.13\junit-4.13.jar;C:\Users\mikez\.m2\repository\org\hamcrest\hamcrest-core\1.3\hamcrest-core-1.3.jar;C:\Users\mikez\.m2\repository\com\konghq\unirest-java\3.11.01\unirest-java-3.11.01.jar;C:\Users\mikez\.m2\repository\org\apache\httpcomponents\httpclient\4.5.13\httpclient-4.5.13.jar;C:\Users\mikez\.m2\repository\org\apache\httpcomponents\httpcore\4.4.13\httpcore-4.4.13.jar;C:\Users\mikez\.m2\repository\commons-logging\commons-logging\1.2\commons-logging-1.2.jar;C:\Users\mikez\.m2\repository\commons-codec\commons-codec\1.11\commons-codec-1.11.jar;C:\Users\mikez\.m2\repository\org\apache\httpcomponents\httpmime\4.5.13\httpmime-4.5.13.jar;C:\Users\mikez\.m2\repository\org\apache\httpcomponents\httpcore-nio\4.4.13\httpcore-nio-4.4.13.jar;C:\Users\mikez\.m2\repository\org\apache\httpcomponents\httpasyncclient\4.1.4\httpasyncclient-4.1.4.jar;C:\Users\mikez\.m2\repository\com\google\code\gson\gson\2.8.6\gson-2.8.6.jar;"/>
    <property name="sun.cpu.endian" value="little"/>
    <property name="user.home" value="C:\Users\mikez"/>
    <property name="user.language" value="en"/>
    <property name="java.specification.vendor" value="Oracle Corporation"/>
    <property name="java.version.date" value="2023-01-17"/>
    <property name="java.home" value="C:\Program Files (x86)\Java\jdk-17.0.6"/>
    <property name="file.separator" value="\"/>
    <property name="basedir" value="C:\Users\mikez\Desktop\429Project\ECSE429\project-B"/>
    <property name="java.vm.compressedOopsMode" value="Zero based"/>
    <property name="line.separator" value="&#10;"/>
    <property name="java.vm.specification.vendor" value="Oracle Corporation"/>
    <property name="java.specification.name" value="Java Platform API Specification"/>
    <property name="surefire.real.class.path" value="C:\Users\mikez\AppData\Local\Temp\surefire2737888732119366639\surefirebooter479733728039424548.jar"/>
    <property name="user.script" value=""/>
    <property name="sun.management.compiler" value="HotSpot 64-Bit Tiered Compilers"/>
    <property name="java.runtime.version" value="17.0.6+9-LTS-190"/>
    <property name="user.name" value="mikez"/>
    <property name="path.separator" value=";"/>
    <property name="os.version" value="10.0"/>
    <property name="java.runtime.name" value="Java(TM) SE Runtime Environment"/>
    <property name="file.encoding" value="Cp1252"/>
    <property name="java.vm.name" value="Java HotSpot(TM) 64-Bit Server VM"/>
    <property name="localRepository" value="C:\Users\mikez\.m2\repository"/>
    <property name="java.vendor.url.bug" value="https://bugreport.java.com/bugreport/"/>
    <property name="java.io.tmpdir" value="C:\Users\mikez\AppData\Local\Temp\"/>
    <property name="java.version" value="17.0.6"/>
    <property name="user.dir" value="C:\Users\mikez\Desktop\429Project\ECSE429\project-B"/>
    <property name="os.arch" value="amd64"/>
    <property name="java.vm.specification.name" value="Java Virtual Machine Specification"/>
    <property name="sun.os.patch.level" value=""/>
    <property name="native.encoding" value="Cp1252"/>
    <property name="java.library.path" value="C:\Program Files (x86)\Java\jdk-17.0.6\bin;C:\WINDOWS\Sun\Java\bin;C:\WINDOWS\system32;C:\WINDOWS;C:\Program Files\Common Files\Oracle\Java\javapath;C:\Windows\system32;C:\Windows;C:\Windows\System32\Wbem;C:\Windows\System32\WindowsPowerShell\v1.0\;C:\Windows\System32\OpenSSH\;C:\Program Files\NVIDIA Corporation\NVIDIA NvDLISR;C:\WINDOWS\system32;C:\WINDOWS;C:\WINDOWS\System32\Wbem;C:\WINDOWS\System32\WindowsPowerShell\v1.0\;C:\WINDOWS\System32\OpenSSH\;C:\Program Files\MATLAB\R2021a\bin;C:\MinGW\bin;C:\Program Files (x86)\NVIDIA Corporation\PhysX\Common;C:\Program Files\nodejs\;C:\WINDOWS\system32;C:\WINDOWS;C:\WINDOWS\System32\Wbem;C:\WINDOWS\System32\WindowsPowerShell\v1.0\;C:\WINDOWS\System32\OpenSSH\;D:\Git\cmd;C:\Program Files (x86)\Java\jdk-17.0.6\bin;C:\gradle-7.6.1-all\gradle-7.6.1\bin;C:\Program Files\dotnet\;C:\Users\mikez\apache-maven-3.9.5-bin\apache-maven-3.9.5\bin;D:\Scripts\;D:\;C:\Users\mikez\AppData\Local\Microsoft\WindowsApps;D:\PyCharm 2021.2.2\bin;;C:\Users\mikez\AppData\Local\GitHubDesktop\bin;C:\Users\mikez\AppData\Roaming\npm;C:\Users\mikez\AppData\Local\Programs\Microsoft VS Code\bin;;C:\intelFPGA\18.0\modelsim_ase\win32aloem;C:\intelFPGA_lite\18.0\modelsim_ase\win32aloem;C:\Users\mikez\.dotnet\tools;."/>
    <property name="java.vm.info" value="mixed mode, sharing"/>
    <property name="java.vendor" value="Oracle Corporation"/>
    <property name="java.vm.version" value="17.0.6+9-LTS-190"/>
    <property name="sun.io.unicode.encoding" value="UnicodeLittle"/>
    <property name="java.class.version" value="61.0"/>
  </properties>
  <testcase name="Creating a todo successfully" classname="Create a new instance of todo" time="0.771"/>
  <testcase name="Creating a todo successfully with no description" classname="Create a new instance of todo" time="0.501">
    <failure message="expected: java.lang.String&lt;null&gt; but was: null&lt;null&gt;" type="java.lang.AssertionError"><![CDATA[java.lang.AssertionError: expected: java.lang.String<null> but was: null<null>
]]></failure>
    <system-out><![CDATA[
@AddATodo
Scenario: Creating a todo successfully with no description                  &amp#27;[90m# project_B/AddATodo.feature:20&amp#27;[0m
  &amp#27;[32mGiven &amp#27;[0m&amp#27;[32mthe API server is running&amp#27;[0m                                           &amp#27;[90m# project_B.MiscStepDefinition.theAPIServerIsRunning()&amp#27;[0m
  &amp#27;[32mWhen &amp#27;[0m&amp#27;[32ma user create a todo with a title, a doneStatus an empty description&amp#27;[0m &amp#27;[90m# project_B.tests.AddATodo.a_user_create_a_todo_with_a_title_a_doneStatus_an_empty_description(io.cucumber.datatable.DataTable)&amp#27;[0m
  &amp#27;[31mThen &amp#27;[0m&amp#27;[31mthe following todos shall still exist in the system&amp#27;[0m                  &amp#27;[90m# project_B.tests.AddATodo.the_following_todos_shall_still_exist_in_the_system(io.cucumber.datatable.DataTable)&amp#27;[0m
      &amp#27;[31mjava.lang.AssertionError: expected: java.lang.String<null> but was: null<null>
	at org.junit.Assert.fail(Assert.java:89)
	at org.junit.Assert.failNotEquals(Assert.java:835)
	at org.junit.Assert.assertEquals(Assert.java:120)
	at org.junit.Assert.assertEquals(Assert.java:146)
	at project_B.tests.AddATodo.the_following_todos_shall_still_exist_in_the_system(AddATodo.java:84)
	at âœ½.the following todos shall still exist in the system(classpath:project_B/AddATodo.feature:26)
&amp#27;[0m
]]></system-out>
    <system-err><![CDATA[Nov 10, 2023 3:11:47 PM org.apache.http.impl.execchain.RetryExec execute
INFO: I/O exception (java.net.SocketException) caught when processing request to {}->http://localhost:4567: Connection reset by peer
Nov 10, 2023 3:11:47 PM org.apache.http.impl.execchain.RetryExec execute
INFO: Retrying request to {}->http://localhost:4567
]]></system-err>
  </testcase>
  <testcase name="Creating todo with an empty title unsuccessfully" classname="Create a new instance of todo" time="0.487">
    <failure message="expected:&lt;200&gt; but was:&lt;400&gt;" type="java.lang.AssertionError"><![CDATA[java.lang.AssertionError: expected:<200> but was:<400>
]]></failure>
    <system-out><![CDATA[
@AddATodo
Scenario: Creating todo with an empty title unsuccessfully &amp#27;[90m# project_B/AddATodo.feature:35&amp#27;[0m
  &amp#27;[32mGiven &amp#27;[0m&amp#27;[32mthe API server is running&amp#27;[0m                          &amp#27;[90m# project_B.MiscStepDefinition.theAPIServerIsRunning()&amp#27;[0m
  &amp#27;[32mWhen &amp#27;[0m&amp#27;[32ma user create a todo with an empty title&amp#27;[0m            &amp#27;[90m# project_B.tests.AddATodo.a_user_create_a_todo_with_an_empty_title(io.cucumber.datatable.DataTable)&amp#27;[0m
  &amp#27;[32mThen &amp#27;[0m&amp#27;[32mthe following todos with the title shall not exist&amp#27;[0m  &amp#27;[90m# project_B.tests.AddATodo.the_following_todos_shall_not_exist(io.cucumber.datatable.DataTable)&amp#27;[0m
  &amp#27;[31mThen &amp#27;[0m&amp#27;[31mthe server will raise an error&amp#27;[0m                      &amp#27;[90m# project_B.tests.AddATodo.the_server_will_raise_an_error(io.cucumber.datatable.DataTable)&amp#27;[0m
      &amp#27;[31mjava.lang.AssertionError: expected:<200> but was:<400>
	at org.junit.Assert.fail(Assert.java:89)
	at org.junit.Assert.failNotEquals(Assert.java:835)
	at org.junit.Assert.assertEquals(Assert.java:647)
	at org.junit.Assert.assertEquals(Assert.java:633)
	at project_B.BaseTest.assertGetStatusCode(BaseTest.java:112)
	at project_B.tests.AddATodo.the_server_will_raise_an_error(AddATodo.java:131)
	at âœ½.the server will raise an error(classpath:project_B/AddATodo.feature:42)
&amp#27;[0m
]]></system-out>
    <system-err><![CDATA[Nov 10, 2023 3:11:48 PM org.apache.http.impl.execchain.RetryExec execute
INFO: I/O exception (java.net.SocketException) caught when processing request to {}->http://localhost:4567: Connection reset by peer
Nov 10, 2023 3:11:48 PM org.apache.http.impl.execchain.RetryExec execute
INFO: Retrying request to {}->http://localhost:4567
]]></system-err>
  </testcase>
  <testcase name="Mark non completed todo as completed" classname="EMPTY_NAME #1" time="0.551"/>
  <testcase name="Mark already completed todo as completed #1" classname="EMPTY_NAME #1" time="0.513"/>
  <testcase name="Mark already completed todo as completed #2" classname="EMPTY_NAME #1" time="0.662"/>
  <testcase name="Mark non-existent todo as completed #1" classname="EMPTY_NAME #1" time="0.506"/>
  <testcase name="Mark non-existent todo as completed #2" classname="EMPTY_NAME #1" time="0.472"/>
  <testcase name="Set a task under a category" classname="EMPTY_NAME #2" time="0.5"/>
  <testcase name="Set a non-existent task under category" classname="EMPTY_NAME #2" time="0.546"/>
  <testcase name="Set a task under a non-existent category" classname="EMPTY_NAME #2" time="0.495"/>
  <testcase name="Querying all categories" classname="View categories" time="0.462"/>
  <testcase name="Querying categories with no categories registered" classname="View categories" time="0.436"/>
  <testcase name="Querying categories with an invalid endpoint" classname="View categories" time="0.434"/>
  <testcase name="Querying all projects" classname="View projects" time="0.449"/>
  <testcase name="Querying projects with no projects registered" classname="View projects" time="0.441"/>
  <testcase name="Querying projects with an invalid endpoint" classname="View projects" time="0.491"/>
  <testcase name="Request tasks for a project" classname="EMPTY_NAME #3" time="0.515"/>
  <testcase name="Request tasks for a project with no tasks" classname="EMPTY_NAME #3" time="0.52"/>
  <testcase name="Request tasks for a project not registered on the system" classname="EMPTY_NAME #3" time="0.501"/>
</testsuite>