<?xml version="1.0" encoding="UTF-8"?>
<testsuite xmlns:xsi="http://www.w3.org/2001/XMLSchema-instance" xsi:noNamespaceSchemaLocation="https://maven.apache.org/surefire/maven-surefire-plugin/xsd/surefire-test-report.xsd" name="project_B.RunCucumberTest" time="17.458" tests="26" errors="0" skipped="0" failures="0">
  <properties>
    <property name="java.specification.version" value="17"/>
    <property name="sun.cpu.isalist" value="amd64"/>
    <property name="sun.jnu.encoding" value="Cp1252"/>
    <property name="java.class.path" value="C:\Users\Admin\git\ECSE429\project-B\target\test-classes;C:\Users\Admin\git\ECSE429\project-B\target\classes;C:\Users\Admin\.m2\repository\io\cucumber\cucumber-java\6.8.1\cucumber-java-6.8.1.jar;C:\Users\Admin\.m2\repository\io\cucumber\cucumber-core\6.8.1\cucumber-core-6.8.1.jar;C:\Users\Admin\.m2\repository\io\cucumber\cucumber-gherkin\6.8.1\cucumber-gherkin-6.8.1.jar;C:\Users\Admin\.m2\repository\io\cucumber\cucumber-gherkin-messages\6.8.1\cucumber-gherkin-messages-6.8.1.jar;C:\Users\Admin\.m2\repository\io\cucumber\messages\13.1.0\messages-13.1.0.jar;C:\Users\Admin\.m2\repository\io\cucumber\tag-expressions\3.0.0\tag-expressions-3.0.0.jar;C:\Users\Admin\.m2\repository\io\cucumber\cucumber-expressions\10.3.0\cucumber-expressions-10.3.0.jar;C:\Users\Admin\.m2\repository\io\cucumber\datatable\3.5.0\datatable-3.5.0.jar;C:\Users\Admin\.m2\repository\io\cucumber\cucumber-plugin\6.8.1\cucumber-plugin-6.8.1.jar;C:\Users\Admin\.m2\repository\io\cucumber\docstring\6.8.1\docstring-6.8.1.jar;C:\Users\Admin\.m2\repository\io\cucumber\html-formatter\9.0.0\html-formatter-9.0.0.jar;C:\Users\Admin\.m2\repository\io\cucumber\create-meta\2.0.2\create-meta-2.0.2.jar;C:\Users\Admin\.m2\repository\org\apiguardian\apiguardian-api\1.1.0\apiguardian-api-1.1.0.jar;C:\Users\Admin\.m2\repository\io\cucumber\cucumber-junit\6.8.1\cucumber-junit-6.8.1.jar;C:\Users\Admin\.m2\repository\org\apache\commons\commons-text\1.9\commons-text-1.9.jar;C:\Users\Admin\.m2\repository\org\apache\commons\commons-lang3\3.11\commons-lang3-3.11.jar;C:\Users\Admin\.m2\repository\junit\junit\4.13\junit-4.13.jar;C:\Users\Admin\.m2\repository\org\hamcrest\hamcrest-core\1.3\hamcrest-core-1.3.jar;C:\Users\Admin\.m2\repository\com\konghq\unirest-java\3.11.01\unirest-java-3.11.01.jar;C:\Users\Admin\.m2\repository\org\apache\httpcomponents\httpclient\4.5.13\httpclient-4.5.13.jar;C:\Users\Admin\.m2\repository\org\apache\httpcomponents\httpcore\4.4.13\httpcore-4.4.13.jar;C:\Users\Admin\.m2\repository\commons-logging\commons-logging\1.2\commons-logging-1.2.jar;C:\Users\Admin\.m2\repository\commons-codec\commons-codec\1.11\commons-codec-1.11.jar;C:\Users\Admin\.m2\repository\org\apache\httpcomponents\httpmime\4.5.13\httpmime-4.5.13.jar;C:\Users\Admin\.m2\repository\org\apache\httpcomponents\httpcore-nio\4.4.13\httpcore-nio-4.4.13.jar;C:\Users\Admin\.m2\repository\org\apache\httpcomponents\httpasyncclient\4.1.4\httpasyncclient-4.1.4.jar;C:\Users\Admin\.m2\repository\com\google\code\gson\gson\2.8.6\gson-2.8.6.jar;"/>
    <property name="java.vm.vendor" value="Oracle Corporation"/>
    <property name="sun.arch.data.model" value="64"/>
    <property name="user.variant" value=""/>
    <property name="java.vendor.url" value="https://java.oracle.com/"/>
    <property name="user.timezone" value="America/Toronto"/>
    <property name="os.name" value="Windows 11"/>
    <property name="java.vm.specification.version" value="17"/>
    <property name="sun.java.launcher" value="SUN_STANDARD"/>
    <property name="user.country" value="CA"/>
    <property name="sun.boot.library.path" value="C:\Program Files\Java\jdk-17.0.4.1\bin"/>
    <property name="sun.java.command" value="C:\Users\Admin\AppData\Local\Temp\surefire3762417978956054966\surefirebooter17769954857874202151.jar C:\Users\Admin\AppData\Local\Temp\surefire3762417978956054966 2023-11-11T11-13-15_380-jvmRun1 surefire5814671310553440517tmp surefire_0488782005114552525tmp"/>
    <property name="jdk.debug" value="release"/>
    <property name="surefire.test.class.path" value="C:\Users\Admin\git\ECSE429\project-B\target\test-classes;C:\Users\Admin\git\ECSE429\project-B\target\classes;C:\Users\Admin\.m2\repository\io\cucumber\cucumber-java\6.8.1\cucumber-java-6.8.1.jar;C:\Users\Admin\.m2\repository\io\cucumber\cucumber-core\6.8.1\cucumber-core-6.8.1.jar;C:\Users\Admin\.m2\repository\io\cucumber\cucumber-gherkin\6.8.1\cucumber-gherkin-6.8.1.jar;C:\Users\Admin\.m2\repository\io\cucumber\cucumber-gherkin-messages\6.8.1\cucumber-gherkin-messages-6.8.1.jar;C:\Users\Admin\.m2\repository\io\cucumber\messages\13.1.0\messages-13.1.0.jar;C:\Users\Admin\.m2\repository\io\cucumber\tag-expressions\3.0.0\tag-expressions-3.0.0.jar;C:\Users\Admin\.m2\repository\io\cucumber\cucumber-expressions\10.3.0\cucumber-expressions-10.3.0.jar;C:\Users\Admin\.m2\repository\io\cucumber\datatable\3.5.0\datatable-3.5.0.jar;C:\Users\Admin\.m2\repository\io\cucumber\cucumber-plugin\6.8.1\cucumber-plugin-6.8.1.jar;C:\Users\Admin\.m2\repository\io\cucumber\docstring\6.8.1\docstring-6.8.1.jar;C:\Users\Admin\.m2\repository\io\cucumber\html-formatter\9.0.0\html-formatter-9.0.0.jar;C:\Users\Admin\.m2\repository\io\cucumber\create-meta\2.0.2\create-meta-2.0.2.jar;C:\Users\Admin\.m2\repository\org\apiguardian\apiguardian-api\1.1.0\apiguardian-api-1.1.0.jar;C:\Users\Admin\.m2\repository\io\cucumber\cucumber-junit\6.8.1\cucumber-junit-6.8.1.jar;C:\Users\Admin\.m2\repository\org\apache\commons\commons-text\1.9\commons-text-1.9.jar;C:\Users\Admin\.m2\repository\org\apache\commons\commons-lang3\3.11\commons-lang3-3.11.jar;C:\Users\Admin\.m2\repository\junit\junit\4.13\junit-4.13.jar;C:\Users\Admin\.m2\repository\org\hamcrest\hamcrest-core\1.3\hamcrest-core-1.3.jar;C:\Users\Admin\.m2\repository\com\konghq\unirest-java\3.11.01\unirest-java-3.11.01.jar;C:\Users\Admin\.m2\repository\org\apache\httpcomponents\httpclient\4.5.13\httpclient-4.5.13.jar;C:\Users\Admin\.m2\repository\org\apache\httpcomponents\httpcore\4.4.13\httpcore-4.4.13.jar;C:\Users\Admin\.m2\repository\commons-logging\commons-logging\1.2\commons-logging-1.2.jar;C:\Users\Admin\.m2\repository\commons-codec\commons-codec\1.11\commons-codec-1.11.jar;C:\Users\Admin\.m2\repository\org\apache\httpcomponents\httpmime\4.5.13\httpmime-4.5.13.jar;C:\Users\Admin\.m2\repository\org\apache\httpcomponents\httpcore-nio\4.4.13\httpcore-nio-4.4.13.jar;C:\Users\Admin\.m2\repository\org\apache\httpcomponents\httpasyncclient\4.1.4\httpasyncclient-4.1.4.jar;C:\Users\Admin\.m2\repository\com\google\code\gson\gson\2.8.6\gson-2.8.6.jar;"/>
    <property name="sun.cpu.endian" value="little"/>
    <property name="user.home" value="C:\Users\Admin"/>
    <property name="user.language" value="en"/>
    <property name="java.specification.vendor" value="Oracle Corporation"/>
    <property name="java.version.date" value="2022-08-18"/>
    <property name="java.home" value="C:\Program Files\Java\jdk-17.0.4.1"/>
    <property name="file.separator" value="\"/>
    <property name="basedir" value="C:\Users\Admin\git\ECSE429\project-B"/>
    <property name="java.vm.compressedOopsMode" value="32-bit"/>
    <property name="line.separator" value="&#10;"/>
    <property name="java.vm.specification.vendor" value="Oracle Corporation"/>
    <property name="java.specification.name" value="Java Platform API Specification"/>
    <property name="surefire.real.class.path" value="C:\Users\Admin\AppData\Local\Temp\surefire3762417978956054966\surefirebooter17769954857874202151.jar"/>
    <property name="user.script" value=""/>
    <property name="sun.management.compiler" value="HotSpot 64-Bit Tiered Compilers"/>
    <property name="java.runtime.version" value="17.0.4.1+1-LTS-2"/>
    <property name="user.name" value="Admin"/>
    <property name="path.separator" value=";"/>
    <property name="os.version" value="10.0"/>
    <property name="java.runtime.name" value="Java(TM) SE Runtime Environment"/>
    <property name="file.encoding" value="Cp1252"/>
    <property name="java.vm.name" value="Java HotSpot(TM) 64-Bit Server VM"/>
    <property name="localRepository" value="C:\Users\Admin\.m2\repository"/>
    <property name="java.vendor.url.bug" value="https://bugreport.java.com/bugreport/"/>
    <property name="java.io.tmpdir" value="C:\Users\Admin\AppData\Local\Temp\"/>
    <property name="java.version" value="17.0.4.1"/>
    <property name="user.dir" value="C:\Users\Admin\git\ECSE429\project-B"/>
    <property name="os.arch" value="amd64"/>
    <property name="java.vm.specification.name" value="Java Virtual Machine Specification"/>
    <property name="sun.os.patch.level" value=""/>
    <property name="native.encoding" value="Cp1252"/>
    <property name="java.library.path" value="C:\Program Files\Java\jdk-17.0.4.1\bin;C:\WINDOWS\Sun\Java\bin;C:\WINDOWS\system32;C:\WINDOWS;C:\Program Files\Common Files\Oracle\Java\javapath;C:\WINDOWS\system32;C:\WINDOWS;C:\WINDOWS\System32\Wbem;C:\WINDOWS\System32\WindowsPowerShell\v1.0\;C:\WINDOWS\System32\OpenSSH\;C:\Program Files\IVI Foundation\VISA\Win64\bin;C:\Program Files (x86)\IVI Foundation\VISA\WinNT\ktvisa;C:\Program Files (x86)\IVI Foundation\VISA\WinNT\bin;C:\Program Files (x86)\IVI Foundation\IVI\bin;C:\Program Files\IVI Foundation\IVI\bin;C:\Program Files (x86)\IVI Foundation\VISA\winnt\agvisa;C:\Program Files\dotnet\;C:\Program Files\Git\cmd;C:\Gradle\gradle-7.5.1\bin;C:\Program Files\Docker\Docker\resources\bin;C:\ProgramData\DockerDesktop\version-bin;C:\Program Files\nodejs\;C:\Program Files\Microsoft SQL Server\150\Tools\Binn\;C:\Program Files\Microsoft SQL Server\Client SDK\ODBC\170\Tools\Binn\;C:\Program Files\PostgreSQL\15\bin;C:\WINDOWS\system32;C:\WINDOWS;C:\WINDOWS\System32\Wbem;C:\WINDOWS\System32\WindowsPowerShell\v1.0\;C:\WINDOWS\System32\OpenSSH\;C:\Program Files\Maven\apache-maven-3.9.5\bin;C:\Users\Admin\AppData\Local\Programs\Python\Python310\Scripts\;C:\Users\Admin\AppData\Local\Programs\Python\Python310\;C:\Users\Admin\AppData\Local\Microsoft\WindowsApps;C:\Users\Admin\AppData\Local\atom\bin;C:\MinGW\bin;C:\Users\Admin\AppData\Local\Programs\Microsoft VS Code\bin;C:\Users\Admin\.dotnet\tools;C:\Users\Admin\AppData\Roaming\npm;C:\Users\Admin\AppData\Local\GitHubDesktop\bin;C:\Users\Admin\AppData\Local\Microsoft\WindowsApps;;."/>
    <property name="java.vm.info" value="mixed mode, sharing"/>
    <property name="java.vendor" value="Oracle Corporation"/>
    <property name="java.vm.version" value="17.0.4.1+1-LTS-2"/>
    <property name="sun.io.unicode.encoding" value="UnicodeLittle"/>
    <property name="java.class.version" value="61.0"/>
  </properties>
  <testcase name="Setting the non-tasks fields of the project to different values" classname="Changing the non-tasks fields of a specific project" time="1.053"/>
  <testcase name="Setting the non-tasks fields of the project to the original values" classname="Changing the non-tasks fields of a specific project" time="0.614"/>
  <testcase name="Setting the non-tasks fields of a non-existing project" classname="Changing the non-tasks fields of a specific project" time="0.632"/>
  <testcase name="Creating project with specific fields and no relationship to task" classname="Creating Project with specific fields" time="0.605"/>
  <testcase name="Creating project with specific fields and with relationship to task" classname="Creating Project with specific fields" time="0.728"/>
  <testcase name="Creating project with specific fields and with relationship to a non-existing task" classname="Creating Project with specific fields" time="0.614"/>
  <testcase name="Mark non completed todo as completed" classname="EMPTY_NAME #1" time="0.673"/>
  <testcase name="Mark already completed todo as completed #1" classname="EMPTY_NAME #1" time="0.672"/>
  <testcase name="Mark already completed todo as completed #2" classname="EMPTY_NAME #1" time="0.676"/>
  <testcase name="Mark non-existent todo as completed #1" classname="EMPTY_NAME #1" time="0.633"/>
  <testcase name="Mark non-existent todo as completed #2" classname="EMPTY_NAME #1" time="0.638"/>
  <testcase name="Set a task under a category" classname="EMPTY_NAME #2" time="0.618"/>
  <testcase name="Set a non-existent task under category" classname="EMPTY_NAME #2" time="0.694"/>
  <testcase name="Set a task under a non-existent category" classname="EMPTY_NAME #2" time="0.636"/>
  <testcase name="Deleting a specific project without tasks" classname="Deleting a specific project" time="0.611"/>
  <testcase name="Deleting a specific project with tasks" classname="Deleting a specific project" time="0.658"/>
  <testcase name="Deleting a non-existing project" classname="Deleting a specific project" time="0.575"/>
  <testcase name="Querying all categories" classname="View categories" time="0.598"/>
  <testcase name="Querying categories with no categories registered" classname="View categories" time="0.598"/>
  <testcase name="Querying categories with an invalid endpoint" classname="View categories" time="0.54"/>
  <testcase name="Querying all projects" classname="View projects" time="0.628"/>
  <testcase name="Querying projects with no projects registered" classname="View projects" time="0.565"/>
  <testcase name="Querying projects with an invalid endpoint" classname="View projects" time="0.599"/>
  <testcase name="Request tasks for a project" classname="EMPTY_NAME #3" time="0.704"/>
  <testcase name="Request tasks for a project with no tasks" classname="EMPTY_NAME #3" time="0.684"/>
  <testcase name="Request tasks for a project not registered on the system" classname="EMPTY_NAME #3" time="0.646"/>
</testsuite>