<?xml version="1.0" encoding="UTF-8"?>
<testsuite xmlns:xsi="http://www.w3.org/2001/XMLSchema-instance" xsi:noNamespaceSchemaLocation="https://maven.apache.org/surefire/maven-surefire-plugin/xsd/surefire-test-report-3.0.xsd" version="3.0" name="project_B.RunCucumberTest" time="0.905" tests="1" errors="0" skipped="0" failures="0">
  <properties>
    <property name="java.specification.version" value="21"/>
    <property name="sun.jnu.encoding" value="UTF-8"/>
    <property name="java.class.path" value="/Users/habibjarweh/ECSE429-PROJECT/ECSE429/project-B/target/test-classes:/Users/habibjarweh/ECSE429-PROJECT/ECSE429/project-B/target/classes:/Users/habibjarweh/.m2/repository/io/cucumber/cucumber-java/7.14.0/cucumber-java-7.14.0.jar:/Users/habibjarweh/.m2/repository/io/cucumber/cucumber-core/7.14.0/cucumber-core-7.14.0.jar:/Users/habibjarweh/.m2/repository/io/cucumber/cucumber-gherkin/7.14.0/cucumber-gherkin-7.14.0.jar:/Users/habibjarweh/.m2/repository/io/cucumber/cucumber-gherkin-messages/7.14.0/cucumber-gherkin-messages-7.14.0.jar:/Users/habibjarweh/.m2/repository/io/cucumber/gherkin/26.2.0/gherkin-26.2.0.jar:/Users/habibjarweh/.m2/repository/io/cucumber/messages/22.0.0/messages-22.0.0.jar:/Users/habibjarweh/.m2/repository/io/cucumber/tag-expressions/5.0.6/tag-expressions-5.0.6.jar:/Users/habibjarweh/.m2/repository/io/cucumber/cucumber-expressions/16.1.2/cucumber-expressions-16.1.2.jar:/Users/habibjarweh/.m2/repository/io/cucumber/datatable/7.14.0/datatable-7.14.0.jar:/Users/habibjarweh/.m2/repository/io/cucumber/cucumber-plugin/7.14.0/cucumber-plugin-7.14.0.jar:/Users/habibjarweh/.m2/repository/io/cucumber/docstring/7.14.0/docstring-7.14.0.jar:/Users/habibjarweh/.m2/repository/io/cucumber/html-formatter/20.4.0/html-formatter-20.4.0.jar:/Users/habibjarweh/.m2/repository/io/cucumber/junit-xml-formatter/0.2.0/junit-xml-formatter-0.2.0.jar:/Users/habibjarweh/.m2/repository/io/cucumber/ci-environment/9.2.0/ci-environment-9.2.0.jar:/Users/habibjarweh/.m2/repository/org/apiguardian/apiguardian-api/1.1.2/apiguardian-api-1.1.2.jar:/Users/habibjarweh/.m2/repository/io/cucumber/cucumber-junit-platform-engine/7.14.0/cucumber-junit-platform-engine-7.14.0.jar:/Users/habibjarweh/.m2/repository/org/junit/platform/junit-platform-engine/1.10.0/junit-platform-engine-1.10.0.jar:/Users/habibjarweh/.m2/repository/org/opentest4j/opentest4j/1.3.0/opentest4j-1.3.0.jar:/Users/habibjarweh/.m2/repository/org/junit/platform/junit-platform-commons/1.10.0/junit-platform-commons-1.10.0.jar:/Users/habibjarweh/.m2/repository/org/junit/platform/junit-platform-suite/1.10.0/junit-platform-suite-1.10.0.jar:/Users/habibjarweh/.m2/repository/org/junit/platform/junit-platform-suite-api/1.10.0/junit-platform-suite-api-1.10.0.jar:/Users/habibjarweh/.m2/repository/org/junit/platform/junit-platform-suite-engine/1.10.0/junit-platform-suite-engine-1.10.0.jar:/Users/habibjarweh/.m2/repository/org/junit/platform/junit-platform-suite-commons/1.10.0/junit-platform-suite-commons-1.10.0.jar:/Users/habibjarweh/.m2/repository/org/junit/platform/junit-platform-launcher/1.10.0/junit-platform-launcher-1.10.0.jar:/Users/habibjarweh/.m2/repository/org/junit/jupiter/junit-jupiter/5.10.0/junit-jupiter-5.10.0.jar:/Users/habibjarweh/.m2/repository/org/junit/jupiter/junit-jupiter-api/5.10.0/junit-jupiter-api-5.10.0.jar:/Users/habibjarweh/.m2/repository/org/junit/jupiter/junit-jupiter-params/5.10.0/junit-jupiter-params-5.10.0.jar:/Users/habibjarweh/.m2/repository/org/junit/jupiter/junit-jupiter-engine/5.10.0/junit-jupiter-engine-5.10.0.jar:/Users/habibjarweh/.m2/repository/io/rest-assured/rest-assured/3.1.1/rest-assured-3.1.1.jar:/Users/habibjarweh/.m2/repository/org/codehaus/groovy/groovy/2.4.12/groovy-2.4.12.jar:/Users/habibjarweh/.m2/repository/org/codehaus/groovy/groovy-xml/2.4.12/groovy-xml-2.4.12.jar:/Users/habibjarweh/.m2/repository/org/apache/httpcomponents/httpclient/4.5.3/httpclient-4.5.3.jar:/Users/habibjarweh/.m2/repository/org/apache/httpcomponents/httpcore/4.4.6/httpcore-4.4.6.jar:/Users/habibjarweh/.m2/repository/commons-logging/commons-logging/1.2/commons-logging-1.2.jar:/Users/habibjarweh/.m2/repository/commons-codec/commons-codec/1.9/commons-codec-1.9.jar:/Users/habibjarweh/.m2/repository/org/apache/httpcomponents/httpmime/4.5.1/httpmime-4.5.1.jar:/Users/habibjarweh/.m2/repository/org/hamcrest/hamcrest-core/1.3/hamcrest-core-1.3.jar:/Users/habibjarweh/.m2/repository/org/hamcrest/hamcrest-library/1.3/hamcrest-library-1.3.jar:/Users/habibjarweh/.m2/repository/org/ccil/cowan/tagsoup/tagsoup/1.2.1/tagsoup-1.2.1.jar:/Users/habibjarweh/.m2/repository/io/rest-assured/json-path/3.1.1/json-path-3.1.1.jar:/Users/habibjarweh/.m2/repository/org/codehaus/groovy/groovy-json/2.4.12/groovy-json-2.4.12.jar:/Users/habibjarweh/.m2/repository/io/rest-assured/rest-assured-common/3.1.1/rest-assured-common-3.1.1.jar:/Users/habibjarweh/.m2/repository/io/rest-assured/xml-path/3.1.1/xml-path-3.1.1.jar:/Users/habibjarweh/.m2/repository/org/apache/commons/commons-lang3/3.4/commons-lang3-3.4.jar:/Users/habibjarweh/.m2/repository/javax/xml/bind/jaxb-api/2.2.12/jaxb-api-2.2.12.jar:/Users/habibjarweh/.m2/repository/com/googlecode/json-simple/json-simple/1.1.1/json-simple-1.1.1.jar:/Users/habibjarweh/.m2/repository/junit/junit/4.10/junit-4.10.jar:"/>
    <property name="java.vm.vendor" value="Homebrew"/>
    <property name="sun.arch.data.model" value="64"/>
    <property name="java.vendor.url" value="https://github.com/Homebrew/homebrew-core/issues"/>
    <property name="user.timezone" value="America/Toronto"/>
    <property name="os.name" value="Mac OS X"/>
    <property name="java.vm.specification.version" value="21"/>
    <property name="sun.java.launcher" value="SUN_STANDARD"/>
    <property name="user.country" value="CA"/>
    <property name="sun.boot.library.path" value="/usr/local/Cellar/openjdk/21.0.1/libexec/openjdk.jdk/Contents/Home/lib"/>
    <property name="sun.java.command" value="/Users/habibjarweh/ECSE429-PROJECT/ECSE429/project-B/target/surefire/surefirebooter-20231102151304301_3.jar /Users/habibjarweh/ECSE429-PROJECT/ECSE429/project-B/target/surefire 2023-11-02T15-13-04_231-jvmRun1 surefire-20231102151304301_1tmp surefire_0-20231102151304301_2tmp"/>
    <property name="http.nonProxyHosts" value="local|*.local|169.254/16|*.169.254/16"/>
    <property name="jdk.debug" value="release"/>
    <property name="surefire.test.class.path" value="/Users/habibjarweh/ECSE429-PROJECT/ECSE429/project-B/target/test-classes:/Users/habibjarweh/ECSE429-PROJECT/ECSE429/project-B/target/classes:/Users/habibjarweh/.m2/repository/io/cucumber/cucumber-java/7.14.0/cucumber-java-7.14.0.jar:/Users/habibjarweh/.m2/repository/io/cucumber/cucumber-core/7.14.0/cucumber-core-7.14.0.jar:/Users/habibjarweh/.m2/repository/io/cucumber/cucumber-gherkin/7.14.0/cucumber-gherkin-7.14.0.jar:/Users/habibjarweh/.m2/repository/io/cucumber/cucumber-gherkin-messages/7.14.0/cucumber-gherkin-messages-7.14.0.jar:/Users/habibjarweh/.m2/repository/io/cucumber/gherkin/26.2.0/gherkin-26.2.0.jar:/Users/habibjarweh/.m2/repository/io/cucumber/messages/22.0.0/messages-22.0.0.jar:/Users/habibjarweh/.m2/repository/io/cucumber/tag-expressions/5.0.6/tag-expressions-5.0.6.jar:/Users/habibjarweh/.m2/repository/io/cucumber/cucumber-expressions/16.1.2/cucumber-expressions-16.1.2.jar:/Users/habibjarweh/.m2/repository/io/cucumber/datatable/7.14.0/datatable-7.14.0.jar:/Users/habibjarweh/.m2/repository/io/cucumber/cucumber-plugin/7.14.0/cucumber-plugin-7.14.0.jar:/Users/habibjarweh/.m2/repository/io/cucumber/docstring/7.14.0/docstring-7.14.0.jar:/Users/habibjarweh/.m2/repository/io/cucumber/html-formatter/20.4.0/html-formatter-20.4.0.jar:/Users/habibjarweh/.m2/repository/io/cucumber/junit-xml-formatter/0.2.0/junit-xml-formatter-0.2.0.jar:/Users/habibjarweh/.m2/repository/io/cucumber/ci-environment/9.2.0/ci-environment-9.2.0.jar:/Users/habibjarweh/.m2/repository/org/apiguardian/apiguardian-api/1.1.2/apiguardian-api-1.1.2.jar:/Users/habibjarweh/.m2/repository/io/cucumber/cucumber-junit-platform-engine/7.14.0/cucumber-junit-platform-engine-7.14.0.jar:/Users/habibjarweh/.m2/repository/org/junit/platform/junit-platform-engine/1.10.0/junit-platform-engine-1.10.0.jar:/Users/habibjarweh/.m2/repository/org/opentest4j/opentest4j/1.3.0/opentest4j-1.3.0.jar:/Users/habibjarweh/.m2/repository/org/junit/platform/junit-platform-commons/1.10.0/junit-platform-commons-1.10.0.jar:/Users/habibjarweh/.m2/repository/org/junit/platform/junit-platform-suite/1.10.0/junit-platform-suite-1.10.0.jar:/Users/habibjarweh/.m2/repository/org/junit/platform/junit-platform-suite-api/1.10.0/junit-platform-suite-api-1.10.0.jar:/Users/habibjarweh/.m2/repository/org/junit/platform/junit-platform-suite-engine/1.10.0/junit-platform-suite-engine-1.10.0.jar:/Users/habibjarweh/.m2/repository/org/junit/platform/junit-platform-suite-commons/1.10.0/junit-platform-suite-commons-1.10.0.jar:/Users/habibjarweh/.m2/repository/org/junit/platform/junit-platform-launcher/1.10.0/junit-platform-launcher-1.10.0.jar:/Users/habibjarweh/.m2/repository/org/junit/jupiter/junit-jupiter/5.10.0/junit-jupiter-5.10.0.jar:/Users/habibjarweh/.m2/repository/org/junit/jupiter/junit-jupiter-api/5.10.0/junit-jupiter-api-5.10.0.jar:/Users/habibjarweh/.m2/repository/org/junit/jupiter/junit-jupiter-params/5.10.0/junit-jupiter-params-5.10.0.jar:/Users/habibjarweh/.m2/repository/org/junit/jupiter/junit-jupiter-engine/5.10.0/junit-jupiter-engine-5.10.0.jar:/Users/habibjarweh/.m2/repository/io/rest-assured/rest-assured/3.1.1/rest-assured-3.1.1.jar:/Users/habibjarweh/.m2/repository/org/codehaus/groovy/groovy/2.4.12/groovy-2.4.12.jar:/Users/habibjarweh/.m2/repository/org/codehaus/groovy/groovy-xml/2.4.12/groovy-xml-2.4.12.jar:/Users/habibjarweh/.m2/repository/org/apache/httpcomponents/httpclient/4.5.3/httpclient-4.5.3.jar:/Users/habibjarweh/.m2/repository/org/apache/httpcomponents/httpcore/4.4.6/httpcore-4.4.6.jar:/Users/habibjarweh/.m2/repository/commons-logging/commons-logging/1.2/commons-logging-1.2.jar:/Users/habibjarweh/.m2/repository/commons-codec/commons-codec/1.9/commons-codec-1.9.jar:/Users/habibjarweh/.m2/repository/org/apache/httpcomponents/httpmime/4.5.1/httpmime-4.5.1.jar:/Users/habibjarweh/.m2/repository/org/hamcrest/hamcrest-core/1.3/hamcrest-core-1.3.jar:/Users/habibjarweh/.m2/repository/org/hamcrest/hamcrest-library/1.3/hamcrest-library-1.3.jar:/Users/habibjarweh/.m2/repository/org/ccil/cowan/tagsoup/tagsoup/1.2.1/tagsoup-1.2.1.jar:/Users/habibjarweh/.m2/repository/io/rest-assured/json-path/3.1.1/json-path-3.1.1.jar:/Users/habibjarweh/.m2/repository/org/codehaus/groovy/groovy-json/2.4.12/groovy-json-2.4.12.jar:/Users/habibjarweh/.m2/repository/io/rest-assured/rest-assured-common/3.1.1/rest-assured-common-3.1.1.jar:/Users/habibjarweh/.m2/repository/io/rest-assured/xml-path/3.1.1/xml-path-3.1.1.jar:/Users/habibjarweh/.m2/repository/org/apache/commons/commons-lang3/3.4/commons-lang3-3.4.jar:/Users/habibjarweh/.m2/repository/javax/xml/bind/jaxb-api/2.2.12/jaxb-api-2.2.12.jar:/Users/habibjarweh/.m2/repository/com/googlecode/json-simple/json-simple/1.1.1/json-simple-1.1.1.jar:/Users/habibjarweh/.m2/repository/junit/junit/4.10/junit-4.10.jar:"/>
    <property name="sun.cpu.endian" value="little"/>
    <property name="user.home" value="/Users/habibjarweh"/>
    <property name="user.language" value="en"/>
    <property name="java.specification.vendor" value="Oracle Corporation"/>
    <property name="java.version.date" value="2023-10-17"/>
    <property name="java.home" value="/usr/local/Cellar/openjdk/21.0.1/libexec/openjdk.jdk/Contents/Home"/>
    <property name="file.separator" value="/"/>
    <property name="basedir" value="/Users/habibjarweh/ECSE429-PROJECT/ECSE429/project-B"/>
    <property name="java.vm.compressedOopsMode" value="Zero based"/>
    <property name="line.separator" value="&#10;"/>
    <property name="java.vm.specification.vendor" value="Oracle Corporation"/>
    <property name="java.specification.name" value="Java Platform API Specification"/>
    <property name="apple.awt.application.name" value="ForkedBooter"/>
    <property name="surefire.real.class.path" value="/Users/habibjarweh/ECSE429-PROJECT/ECSE429/project-B/target/surefire/surefirebooter-20231102151304301_3.jar"/>
    <property name="sun.management.compiler" value="HotSpot 64-Bit Tiered Compilers"/>
    <property name="ftp.nonProxyHosts" value="local|*.local|169.254/16|*.169.254/16"/>
    <property name="java.runtime.version" value="21.0.1"/>
    <property name="user.name" value="habibjarweh"/>
    <property name="stdout.encoding" value="UTF-8"/>
    <property name="path.separator" value=":"/>
    <property name="os.version" value="13.4"/>
    <property name="java.runtime.name" value="OpenJDK Runtime Environment"/>
    <property name="file.encoding" value="UTF-8"/>
    <property name="java.vm.name" value="OpenJDK 64-Bit Server VM"/>
    <property name="java.vendor.version" value="Homebrew"/>
    <property name="localRepository" value="/Users/habibjarweh/.m2/repository"/>
    <property name="java.vendor.url.bug" value="https://github.com/Homebrew/homebrew-core/issues"/>
    <property name="java.io.tmpdir" value="/var/folders/sq/xjghhj314v330fx6srpz3mwm0000gn/T/"/>
    <property name="java.version" value="21.0.1"/>
    <property name="user.dir" value="/Users/habibjarweh/ECSE429-PROJECT/ECSE429/project-B"/>
    <property name="os.arch" value="x86_64"/>
    <property name="java.vm.specification.name" value="Java Virtual Machine Specification"/>
    <property name="native.encoding" value="UTF-8"/>
    <property name="java.library.path" value="/Users/habibjarweh/Library/Java/Extensions:/Library/Java/Extensions:/Network/Library/Java/Extensions:/System/Library/Java/Extensions:/usr/lib/java:."/>
    <property name="java.vm.info" value="mixed mode, sharing"/>
    <property name="stderr.encoding" value="UTF-8"/>
    <property name="java.vendor" value="Homebrew"/>
    <property name="java.vm.version" value="21.0.1"/>
    <property name="sun.io.unicode.encoding" value="UnicodeBig"/>
    <property name="socksNonProxyHosts" value="local|*.local|169.254/16|*.169.254/16"/>
    <property name="java.class.version" value="65.0"/>
  </properties>
  <testcase name="The example" classname="An example" time="0.817">
    <system-out><![CDATA[
Scenario: The example                       &amp#27;[90m# project-B/example.feature:3&amp#27;[0m
Before each scenario: Performing setup actions
Starting application...
  &amp#27;[32mGiven &amp#27;[0m&amp#27;[32man example scenario&amp#27;[0m                 &amp#27;[90m# project_B.StepDefinitions.anExampleScenario()&amp#27;[0m
  &amp#27;[32mWhen &amp#27;[0m&amp#27;[32mall step definitions are implemented&amp#27;[0m &amp#27;[90m# project_B.StepDefinitions.allStepDefinitionsAreImplemented()&amp#27;[0m
  &amp#27;[32mThen &amp#27;[0m&amp#27;[32mthe scenario passes&amp#27;[0m                  &amp#27;[90m# project_B.StepDefinitions.theScenarioPasses()&amp#27;[0m
After each scenario: Performing teardown actions
]]></system-out>
  </testcase>
</testsuite>