<?xml version="1.0" encoding="UTF-8"?>
<testsuite xmlns:xsi="http://www.w3.org/2001/XMLSchema-instance" xsi:noNamespaceSchemaLocation="https://maven.apache.org/surefire/maven-surefire-plugin/xsd/surefire-test-report.xsd" name="project_B.RunCucumberTest" time="43.028" tests="37" errors="1" skipped="0" failures="1">
  <properties>
    <property name="java.specification.version" value="20"/>
    <property name="sun.cpu.isalist" value="amd64"/>
    <property name="sun.jnu.encoding" value="Cp1252"/>
    <property name="java.class.path" value="C:\Users\vanes\Uni\ECSE 429\ECSE429\project-B\target\test-classes;C:\Users\vanes\Uni\ECSE 429\ECSE429\project-B\target\classes;C:\Users\vanes\.m2\repository\io\cucumber\cucumber-java\6.8.1\cucumber-java-6.8.1.jar;C:\Users\vanes\.m2\repository\io\cucumber\cucumber-core\6.8.1\cucumber-core-6.8.1.jar;C:\Users\vanes\.m2\repository\io\cucumber\cucumber-gherkin\6.8.1\cucumber-gherkin-6.8.1.jar;C:\Users\vanes\.m2\repository\io\cucumber\cucumber-gherkin-messages\6.8.1\cucumber-gherkin-messages-6.8.1.jar;C:\Users\vanes\.m2\repository\io\cucumber\messages\13.1.0\messages-13.1.0.jar;C:\Users\vanes\.m2\repository\io\cucumber\tag-expressions\3.0.0\tag-expressions-3.0.0.jar;C:\Users\vanes\.m2\repository\io\cucumber\cucumber-expressions\10.3.0\cucumber-expressions-10.3.0.jar;C:\Users\vanes\.m2\repository\io\cucumber\datatable\3.5.0\datatable-3.5.0.jar;C:\Users\vanes\.m2\repository\io\cucumber\cucumber-plugin\6.8.1\cucumber-plugin-6.8.1.jar;C:\Users\vanes\.m2\repository\io\cucumber\docstring\6.8.1\docstring-6.8.1.jar;C:\Users\vanes\.m2\repository\io\cucumber\html-formatter\9.0.0\html-formatter-9.0.0.jar;C:\Users\vanes\.m2\repository\io\cucumber\create-meta\2.0.2\create-meta-2.0.2.jar;C:\Users\vanes\.m2\repository\org\apiguardian\apiguardian-api\1.1.0\apiguardian-api-1.1.0.jar;C:\Users\vanes\.m2\repository\io\cucumber\cucumber-junit\6.8.1\cucumber-junit-6.8.1.jar;C:\Users\vanes\.m2\repository\org\apache\commons\commons-text\1.9\commons-text-1.9.jar;C:\Users\vanes\.m2\repository\org\apache\commons\commons-lang3\3.11\commons-lang3-3.11.jar;C:\Users\vanes\.m2\repository\junit\junit\4.13\junit-4.13.jar;C:\Users\vanes\.m2\repository\org\hamcrest\hamcrest-core\1.3\hamcrest-core-1.3.jar;C:\Users\vanes\.m2\repository\com\konghq\unirest-java\3.11.01\unirest-java-3.11.01.jar;C:\Users\vanes\.m2\repository\org\apache\httpcomponents\httpclient\4.5.13\httpclient-4.5.13.jar;C:\Users\vanes\.m2\repository\org\apache\httpcomponents\httpcore\4.4.13\httpcore-4.4.13.jar;C:\Users\vanes\.m2\repository\commons-logging\commons-logging\1.2\commons-logging-1.2.jar;C:\Users\vanes\.m2\repository\commons-codec\commons-codec\1.11\commons-codec-1.11.jar;C:\Users\vanes\.m2\repository\org\apache\httpcomponents\httpmime\4.5.13\httpmime-4.5.13.jar;C:\Users\vanes\.m2\repository\org\apache\httpcomponents\httpcore-nio\4.4.13\httpcore-nio-4.4.13.jar;C:\Users\vanes\.m2\repository\org\apache\httpcomponents\httpasyncclient\4.1.4\httpasyncclient-4.1.4.jar;C:\Users\vanes\.m2\repository\com\google\code\gson\gson\2.8.6\gson-2.8.6.jar;"/>
    <property name="java.vm.vendor" value="Oracle Corporation"/>
    <property name="sun.arch.data.model" value="64"/>
    <property name="user.variant" value=""/>
    <property name="java.vendor.url" value="https://java.oracle.com/"/>
    <property name="user.timezone" value="America/Toronto"/>
    <property name="os.name" value="Windows 11"/>
    <property name="java.vm.specification.version" value="20"/>
    <property name="sun.java.launcher" value="SUN_STANDARD"/>
    <property name="user.country" value="US"/>
    <property name="sun.boot.library.path" value="C:\Program Files\Java\jdk-20\bin"/>
    <property name="sun.java.command" value="C:\Users\vanes\AppData\Local\Temp\surefire1096280780351848323\surefirebooter2547166143086253306.jar C:\Users\vanes\AppData\Local\Temp\surefire1096280780351848323 2023-11-10T16-39-37_843-jvmRun1 surefire3466482076804562943tmp surefire_012865536224458737826tmp"/>
    <property name="jdk.debug" value="release"/>
    <property name="surefire.test.class.path" value="C:\Users\vanes\Uni\ECSE 429\ECSE429\project-B\target\test-classes;C:\Users\vanes\Uni\ECSE 429\ECSE429\project-B\target\classes;C:\Users\vanes\.m2\repository\io\cucumber\cucumber-java\6.8.1\cucumber-java-6.8.1.jar;C:\Users\vanes\.m2\repository\io\cucumber\cucumber-core\6.8.1\cucumber-core-6.8.1.jar;C:\Users\vanes\.m2\repository\io\cucumber\cucumber-gherkin\6.8.1\cucumber-gherkin-6.8.1.jar;C:\Users\vanes\.m2\repository\io\cucumber\cucumber-gherkin-messages\6.8.1\cucumber-gherkin-messages-6.8.1.jar;C:\Users\vanes\.m2\repository\io\cucumber\messages\13.1.0\messages-13.1.0.jar;C:\Users\vanes\.m2\repository\io\cucumber\tag-expressions\3.0.0\tag-expressions-3.0.0.jar;C:\Users\vanes\.m2\repository\io\cucumber\cucumber-expressions\10.3.0\cucumber-expressions-10.3.0.jar;C:\Users\vanes\.m2\repository\io\cucumber\datatable\3.5.0\datatable-3.5.0.jar;C:\Users\vanes\.m2\repository\io\cucumber\cucumber-plugin\6.8.1\cucumber-plugin-6.8.1.jar;C:\Users\vanes\.m2\repository\io\cucumber\docstring\6.8.1\docstring-6.8.1.jar;C:\Users\vanes\.m2\repository\io\cucumber\html-formatter\9.0.0\html-formatter-9.0.0.jar;C:\Users\vanes\.m2\repository\io\cucumber\create-meta\2.0.2\create-meta-2.0.2.jar;C:\Users\vanes\.m2\repository\org\apiguardian\apiguardian-api\1.1.0\apiguardian-api-1.1.0.jar;C:\Users\vanes\.m2\repository\io\cucumber\cucumber-junit\6.8.1\cucumber-junit-6.8.1.jar;C:\Users\vanes\.m2\repository\org\apache\commons\commons-text\1.9\commons-text-1.9.jar;C:\Users\vanes\.m2\repository\org\apache\commons\commons-lang3\3.11\commons-lang3-3.11.jar;C:\Users\vanes\.m2\repository\junit\junit\4.13\junit-4.13.jar;C:\Users\vanes\.m2\repository\org\hamcrest\hamcrest-core\1.3\hamcrest-core-1.3.jar;C:\Users\vanes\.m2\repository\com\konghq\unirest-java\3.11.01\unirest-java-3.11.01.jar;C:\Users\vanes\.m2\repository\org\apache\httpcomponents\httpclient\4.5.13\httpclient-4.5.13.jar;C:\Users\vanes\.m2\repository\org\apache\httpcomponents\httpcore\4.4.13\httpcore-4.4.13.jar;C:\Users\vanes\.m2\repository\commons-logging\commons-logging\1.2\commons-logging-1.2.jar;C:\Users\vanes\.m2\repository\commons-codec\commons-codec\1.11\commons-codec-1.11.jar;C:\Users\vanes\.m2\repository\org\apache\httpcomponents\httpmime\4.5.13\httpmime-4.5.13.jar;C:\Users\vanes\.m2\repository\org\apache\httpcomponents\httpcore-nio\4.4.13\httpcore-nio-4.4.13.jar;C:\Users\vanes\.m2\repository\org\apache\httpcomponents\httpasyncclient\4.1.4\httpasyncclient-4.1.4.jar;C:\Users\vanes\.m2\repository\com\google\code\gson\gson\2.8.6\gson-2.8.6.jar;"/>
    <property name="sun.cpu.endian" value="little"/>
    <property name="user.home" value="C:\Users\vanes"/>
    <property name="user.language" value="en"/>
    <property name="java.specification.vendor" value="Oracle Corporation"/>
    <property name="java.version.date" value="2023-04-18"/>
    <property name="java.home" value="C:\Program Files\Java\jdk-20"/>
    <property name="file.separator" value="\"/>
    <property name="basedir" value="C:\Users\vanes\Uni\ECSE 429\ECSE429\project-B"/>
    <property name="java.vm.compressedOopsMode" value="Zero based"/>
    <property name="line.separator" value="&#10;"/>
    <property name="java.vm.specification.vendor" value="Oracle Corporation"/>
    <property name="java.specification.name" value="Java Platform API Specification"/>
    <property name="surefire.real.class.path" value="C:\Users\vanes\AppData\Local\Temp\surefire1096280780351848323\surefirebooter2547166143086253306.jar"/>
    <property name="user.script" value=""/>
    <property name="sun.management.compiler" value="HotSpot 64-Bit Tiered Compilers"/>
    <property name="java.runtime.version" value="20.0.1+9-29"/>
    <property name="user.name" value="vanes"/>
    <property name="stdout.encoding" value="Cp1252"/>
    <property name="path.separator" value=";"/>
    <property name="os.version" value="10.0"/>
    <property name="java.runtime.name" value="Java(TM) SE Runtime Environment"/>
    <property name="file.encoding" value="UTF-8"/>
    <property name="java.vm.name" value="Java HotSpot(TM) 64-Bit Server VM"/>
    <property name="localRepository" value="C:\Users\vanes\.m2\repository"/>
    <property name="java.vendor.url.bug" value="https://bugreport.java.com/bugreport/"/>
    <property name="java.io.tmpdir" value="C:\Users\vanes\AppData\Local\Temp\"/>
    <property name="java.version" value="20.0.1"/>
    <property name="user.dir" value="C:\Users\vanes\Uni\ECSE 429\ECSE429\project-B"/>
    <property name="os.arch" value="amd64"/>
    <property name="java.vm.specification.name" value="Java Virtual Machine Specification"/>
    <property name="sun.os.patch.level" value=""/>
    <property name="native.encoding" value="Cp1252"/>
    <property name="java.library.path" value="C:\Program Files\Java\jdk-20\bin;C:\Windows\Sun\Java\bin;C:\Windows\system32;C:\Windows;C:\Program Files\Common Files\Oracle\Java\javapath;C:\Program Files (x86)\Common Files\Oracle\Java\javapath;C:\Program Files\Microsoft\jdk-11.0.16.101-hotspot\bin;C:\Windows\system32;C:\Windows;C:\Windows\System32\Wbem;C:\Windows\System32\WindowsPowerShell\v1.0\;C:\Windows\System32\OpenSSH\;C:\Program Files\Microsoft SQL Server\150\Tools\Binn\;C:\Program Files\Microsoft SQL Server\Client SDK\ODBC\170\Tools\Binn\;C:\Program Files\dotnet\;C:\Program Files\Maven\apache-maven-3.9.5;C:\Program Files\Maven\apache-maven-3.9.5\bin;C:\Program Files\Git\cmd;C:\Users\vanes\AppData\Local\Programs\Python\Python311\Scripts\;C:\Users\vanes\AppData\Local\Programs\Python\Python311\;C:\Users\vanes\AppData\Local\Microsoft\WindowsApps;C:\Users\vanes\.dotnet\tools;C:\Users\vanes\AppData\Local\Programs\Microsoft VS Code\bin;."/>
    <property name="java.vm.info" value="mixed mode, sharing"/>
    <property name="stderr.encoding" value="Cp1252"/>
    <property name="java.vendor" value="Oracle Corporation"/>
    <property name="java.vm.version" value="20.0.1+9-29"/>
    <property name="sun.io.unicode.encoding" value="UnicodeLittle"/>
    <property name="java.class.version" value="64.0"/>
  </properties>
  <testcase name="Create a category" classname="EMPTY_NAME #1" time="2.148"/>
  <testcase name="Create a category with only mandatory fields filled" classname="EMPTY_NAME #1" time="1.189"/>
  <testcase name="Create a category with the mandatory fields not filled" classname="EMPTY_NAME #1" time="1.064"/>
  <testcase name="Delete a category with all fields filled #1" classname="EMPTY_NAME #2" time="1.08"/>
  <testcase name="Delete a category with all fields filled #2" classname="EMPTY_NAME #2" time="1.09"/>
  <testcase name="Delete a category with all fields filled #3" classname="EMPTY_NAME #2" time="1.202"/>
  <testcase name="Delete a category with only mandatory fields filled" classname="EMPTY_NAME #2" time="1.087"/>
  <testcase name="Delete a category with an id that doesn&apos;t exist" classname="EMPTY_NAME #2" time="1.048"/>
  <testcase name="Delete a project that exists under a category that exists #1" classname="EMPTY_NAME #3" time="1.112"/>
  <testcase name="Delete a project that exists under a category that exists #2" classname="EMPTY_NAME #3" time="1.103"/>
  <testcase name="Delete a project with an invalid id under a category that exists" classname="EMPTY_NAME #3" time="1.101"/>
  <testcase name="Delete a project that exists under a category id that&apos;s invalid" classname="EMPTY_NAME #3" time="1.117"/>
  <testcase name="Mark non completed todo as completed" classname="EMPTY_NAME #4" time="1.077"/>
  <testcase name="Mark already completed todo as completed #1" classname="EMPTY_NAME #4" time="1.175"/>
  <testcase name="Mark already completed todo as completed #2" classname="EMPTY_NAME #4" time="1.083"/>
  <testcase name="Mark non-existent todo as completed #1" classname="EMPTY_NAME #4" time="1.167"/>
  <testcase name="Mark non-existent todo as completed #2" classname="EMPTY_NAME #4" time="1.129"/>
  <testcase name="Modify all fields in a category" classname="EMPTY_NAME #5" time="1.106"/>
  <testcase name="Modify a category to have only required fields #1" classname="EMPTY_NAME #5" time="1.089"/>
  <testcase name="Modify a category to have only required fields #2" classname="EMPTY_NAME #5" time="1.023"/>
  <testcase name="Modify a category to have only required fields #3" classname="EMPTY_NAME #5" time="1.144"/>
  <testcase name="Modify a category that doesn&apos;t exist" classname="EMPTY_NAME #5" time="1.37">
    <failure type="java.lang.AssertionError">java.lang.AssertionError
</failure>
    <system-out><![CDATA[
@ModifyCategory
Scenario: Modify a category that doesn't exist                                                                  &amp#27;[90m# project_B/ModifyCategory.feature:52&amp#27;[0m
  &amp#27;[32mGiven &amp#27;[0m&amp#27;[32mthe API server is running&amp#27;[0m                                                                               &amp#27;[90m# project_B.MiscStepDefinition.theAPIServerIsRunning()&amp#27;[0m
  &amp#27;[32mAnd &amp#27;[0m&amp#27;[32mthe following categories are registered in the system:&amp#27;[0m                                                    &amp#27;[90m# project_B.tests.ViewCategories.the_following_categories_are_registered_in_the_todo_manager_restapi_system(io.cucumber.datatable.DataTable)&amp#27;[0m
  &amp#27;[32mGiven &amp#27;[0m&amp#27;[32m&amp#27;[0m&amp#27;[32m&amp#27;[1m[blank]&amp#27;[0m&amp#27;[32m is the id of a category&amp#27;[0m                                                                         &amp#27;[90m# project_B.tests.OrganizeProjectTaskByCategory.category_id_is_the_id_of_a_category(java.lang.String)&amp#27;[0m
check here
{
"title":"Home",
  "description":""
}
  &amp#27;[32mWhen &amp#27;[0m&amp#27;[32ma POST request to categories is sent with the category id and the following info:&amp#27;[0m                        &amp#27;[90m# project_B.tests.ModifyCategory.a_post_request_to_categories_is_sent_with_the_following_info(io.cucumber.datatable.DataTable)&amp#27;[0m
error:
No such category entity instance with GUID or ID 10 found
what i printed
No such category entity instance with GUID or ID 4 found
  &amp#27;[31mThen &amp#27;[0m&amp#27;[31mthe server should respond with an error message &amp#27;[0m&amp#27;[31m&amp#27;[1mNo such category entity instance with GUID or ID 4 found&amp#27;[0m &amp#27;[90m# project_B.tests.AddCategory.the_server_should_respond_with_an_error_message(java.lang.String)&amp#27;[0m
      &amp#27;[31mjava.lang.AssertionError
	at org.junit.Assert.fail(Assert.java:87)
	at org.junit.Assert.assertTrue(Assert.java:42)
	at org.junit.Assert.assertTrue(Assert.java:53)
	at project_B.tests.AddCategory.the_server_should_respond_with_an_error_message(AddCategory.java:90)
	at ✽.the server should respond with an error message No such category entity instance with GUID or ID 4 found(classpath:project_B/ModifyCategory.feature:49)
&amp#27;[0m
]]></system-out>
    <system-err><![CDATA[Nov 10, 2023 4:40:05 PM org.apache.http.impl.execchain.RetryExec execute
INFO: I/O exception (java.net.SocketException) caught when processing request to {}->http://localhost:4567: Connection reset by peer
Nov 10, 2023 4:40:05 PM org.apache.http.impl.execchain.RetryExec execute
INFO: Retrying request to {}->http://localhost:4567
]]></system-err>
  </testcase>
  <testcase name="Add a project that exists to a category that exists" classname="EMPTY_NAME #6" time="1.096"/>
  <testcase name="Add a project with an invalid id to a category that exists" classname="EMPTY_NAME #6" time="1.076"/>
  <testcase name="Add a project that exists to a category id that&apos;s invalid" classname="EMPTY_NAME #6" time="1.122">
    <error message="JSONObject[&quot;errorMessages&quot;] not found." type="kong.unirest.json.JSONException">kong.unirest.json.JSONException: JSONObject["errorMessages"] not found.
</error>
    <system-out><![CDATA[
@OrganizeProjectTaskByCategory
Scenario: Add a project that exists to a category id that's invalid                                                       &amp#27;[90m# project_B/OrganizeProjectTaskByCategory.feature:78&amp#27;[0m
  &amp#27;[32mGiven &amp#27;[0m&amp#27;[32mthe API server is running&amp#27;[0m                                                                                         &amp#27;[90m# project_B.MiscStepDefinition.theAPIServerIsRunning()&amp#27;[0m
  &amp#27;[32mAnd &amp#27;[0m&amp#27;[32mthe following categories are registered in the system:&amp#27;[0m                                                              &amp#27;[90m# project_B.tests.ViewCategories.the_following_categories_are_registered_in_the_todo_manager_restapi_system(io.cucumber.datatable.DataTable)&amp#27;[0m
  &amp#27;[32mAnd &amp#27;[0m&amp#27;[32mthe following projects are registered in the system:&amp#27;[0m                                                                &amp#27;[90m# project_B.tests.ViewProjects.the_following_categories_are_registered_in_the_todo_manager_restapi_system(io.cucumber.datatable.DataTable)&amp#27;[0m
  &amp#27;[32mGiven &amp#27;[0m&amp#27;[32m&amp#27;[0m&amp#27;[32m&amp#27;[1m[blank]&amp#27;[0m&amp#27;[32m is the title of a category&amp#27;[0m                                                                                &amp#27;[90m# project_B.tests.AddCategory.selected_title_is_the_title_of_a_category(java.lang.String)&amp#27;[0m
  &amp#27;[32mAnd &amp#27;[0m&amp#27;[32m&amp#27;[0m&amp#27;[32m&amp#27;[1m[blank]&amp#27;[0m&amp#27;[32m is the description of a category&amp#27;[0m                                                                            &amp#27;[90m# project_B.tests.AddCategory.is_the_description_of_a_category(java.lang.String)&amp#27;[0m
  &amp#27;[32mAnd &amp#27;[0m&amp#27;[32m&amp#27;[0m&amp#27;[32m&amp#27;[1m[blank]&amp#27;[0m&amp#27;[32m is the id of a category&amp#27;[0m                                                                                     &amp#27;[90m# project_B.tests.OrganizeProjectTaskByCategory.category_id_is_the_id_of_a_category(java.lang.String)&amp#27;[0m
  &amp#27;[32mAnd &amp#27;[0m&amp#27;[32m&amp#27;[0m&amp#27;[32m&amp#27;[1m<projectID>&amp#27;[0m&amp#27;[32m is the id of a project&amp#27;[0m                                                                                  &amp#27;[90m# project_B.tests.OrganizeProjectTaskByCategory.project_id_is_the_id_of_a_project(java.lang.String)&amp#27;[0m
  &amp#27;[32mAnd &amp#27;[0m&amp#27;[32m&amp#27;[0m&amp#27;[32m&amp#27;[1m<projectTitle>&amp#27;[0m&amp#27;[32m is the id of a project&amp#27;[0m                                                                               &amp#27;[90m# project_B.tests.OrganizeProjectTaskByCategory.project_id_is_the_id_of_a_project(java.lang.String)&amp#27;[0m
  &amp#27;[32mAnd &amp#27;[0m&amp#27;[32m&amp#27;[0m&amp#27;[32m&amp#27;[1m<projectCompleted>&amp#27;[0m&amp#27;[32m is the completed value of a project&amp#27;[0m                                                              &amp#27;[90m# project_B.tests.OrganizeProjectTaskByCategory.project_completed_is_the_completed_value_of_a_project(java.lang.Boolean)&amp#27;[0m
  &amp#27;[32mAnd &amp#27;[0m&amp#27;[32m&amp#27;[0m&amp#27;[32m&amp#27;[1m<projectActive>&amp#27;[0m&amp#27;[32m is the active value of a project&amp#27;[0m                                                                    &amp#27;[90m# project_B.tests.OrganizeProjectTaskByCategory.project_active_is_the_active_value_of_a_project(java.lang.Boolean)&amp#27;[0m
  &amp#27;[32mAnd &amp#27;[0m&amp#27;[32m&amp#27;[0m&amp#27;[32m&amp#27;[1m<projectDescription>&amp#27;[0m&amp#27;[32m is the description of a project&amp#27;[0m                                                                &amp#27;[90m# project_B.tests.OrganizeProjectTaskByCategory.project_description_is_the_description_of_a_project(java.lang.String)&amp#27;[0m
  &amp#27;[32mWhen &amp#27;[0m&amp#27;[32ma POST request is sent with the following info for the category and project:&amp#27;[0m                                       &amp#27;[90m# project_B.tests.OrganizeProjectTaskByCategory.a_post_request_is_sent_with_the_following_info_for_the_category(io.cucumber.datatable.DataTable)&amp#27;[0m
error:
  &amp#27;[31mThen &amp#27;[0m&amp#27;[31mthe server should respond with an error message &amp#27;[0m&amp#27;[31m&amp#27;[1mCould not find parent thing for relationship categories/4/projects&amp#27;[0m &amp#27;[90m# project_B.tests.AddCategory.the_server_should_respond_with_an_error_message(java.lang.String)&amp#27;[0m
      &amp#27;[31mkong.unirest.json.JSONException: JSONObject["errorMessages"] not found.
	at kong.unirest.json.JSONObject.getProperty(JSONObject.java:954)
	at kong.unirest.json.JSONObject.getJSONArray(JSONObject.java:318)
	at project_B.tests.AddCategory.the_server_should_respond_with_an_error_message(AddCategory.java:84)
	at ✽.the server should respond with an error message Could not find parent thing for relationship categories/4/projects(classpath:project_B/OrganizeProjectTaskByCategory.feature:75)
&amp#27;[0m
]]></system-out>
    <system-err><![CDATA[Nov 10, 2023 4:40:08 PM org.apache.http.impl.execchain.RetryExec execute
INFO: I/O exception (java.net.SocketException) caught when processing request to {}->http://localhost:4567: Connection reset by peer
Nov 10, 2023 4:40:08 PM org.apache.http.impl.execchain.RetryExec execute
INFO: Retrying request to {}->http://localhost:4567
]]></system-err>
  </testcase>
  <testcase name="Set a task under a category" classname="EMPTY_NAME #7" time="1.155"/>
  <testcase name="Set a non-existent task under category" classname="EMPTY_NAME #7" time="1.021"/>
  <testcase name="Set a task under a non-existent category" classname="EMPTY_NAME #7" time="1.147"/>
  <testcase name="Querying all categories" classname="View categories" time="1.041"/>
  <testcase name="Querying categories with no categories registered" classname="View categories" time="0.964"/>
  <testcase name="Querying categories with an invalid endpoint" classname="View categories" time="1.04"/>
  <testcase name="Querying all projects" classname="View projects" time="1.039"/>
  <testcase name="Querying projects with no projects registered" classname="View projects" time="0.981"/>
  <testcase name="Querying projects with an invalid endpoint" classname="View projects" time="0.955"/>
  <testcase name="Request tasks for a project" classname="EMPTY_NAME #8" time="1.268"/>
  <testcase name="Request tasks for a project with no tasks" classname="EMPTY_NAME #8" time="1.198"/>
  <testcase name="Request tasks for a project not registered on the system" classname="EMPTY_NAME #8" time="1.098"/>
</testsuite>